[2022-08-09 16:00:52,535] ERROR No match for "AMAZHN.NET".
>>> Last update of whois database: 2022-08-09T13:00:45Z <<<

NOTICE: The expiration date displayed in this record is the date the
registrar's sponsorship of the domain name registration in the registry is
currently set to expire. This date does not necessarily reflect the expiration
date of the domain name registrant's agreement with the sponsoring
registrar.  Users may consult the sponsoring registrar's Whois database to
view the registrar's reported date of expiration for this registration.

TERMS OF USE: You are not authorized to access or query our Whois
database through the use of electronic processes that are high-volume and
automated except as reasonably necessary to register domain names or
modify existing registrations; the Data in VeriSign Global Registry
Services' ("VeriSign") Whois database is provided by VeriSign for
information purposes only, and to assist persons in obtaining information
about or related to a domain name registration record. VeriSign does not
guarantee its accuracy. By submitting a Whois query, you agree to abide
by the following terms of use: You agree that you may use this Data only
for lawful purposes and that under no circumstances will you use this Data
to: (1) allow, enable, or otherwise support the transmission of mass
unsolicited, commercial advertising or solicitations via e-mail, telephone,
or facsimile; or (2) enable high volume, automated, electronic processes
that apply to VeriSign (or its computer systems). The compilation,
repackaging, dissemination or other use of this Data is expressly
prohibited without the prior written consent of VeriSign. You agree not to
use electronic processes that are automated and high-volume to access or
query the Whois database except as reasonably necessary to register
domain names or modify existing registrations. VeriSign reserves the right
to restrict your access to the Whois database in its sole discretion to ensure
operational stability.  VeriSign may restrict or terminate your access to the
Whois database for failure to abide by these terms of use. VeriSign
reserves the right to modify these terms at any time.

The Registry database contains ONLY .COM, .NET, .EDU domains and
Registrars.

[2022-08-09 16:02:00,195] INFO App started.
[2022-08-09 16:02:00,220] INFO Checking for keyword 'amazon' for user Öykü
[2022-08-09 16:21:52,180] INFO App started.
[2022-08-09 16:21:52,211] INFO Checking for keyword 'amazon' for user Öykü
[2022-08-09 16:21:56,106] INFO Found a registered possible phishing domain
[2022-08-09 16:21:56,167] INFO Possible phishing domain added to the database.
[2022-08-09 16:22:11,048] INFO Found a registered possible phishing domain
[2022-08-09 16:22:11,062] INFO Possible phishing domain added to the database.
[2022-08-09 16:22:16,853] INFO Found a registered possible phishing domain
[2022-08-09 16:22:16,868] INFO Possible phishing domain added to the database.
[2022-08-09 16:22:19,429] INFO Found a registered possible phishing domain
[2022-08-09 16:22:19,443] INFO Possible phishing domain added to the database.
[2022-08-09 16:22:19,877] INFO Found a registered possible phishing domain
[2022-08-09 16:22:19,893] INFO Possible phishing domain added to the database.
[2022-08-09 16:22:21,181] INFO Found a registered possible phishing domain
[2022-08-09 16:22:21,194] INFO Possible phishing domain added to the database.
[2022-08-10 09:12:23,746] INFO App started.
[2022-08-10 09:12:23,832] INFO Checking for keyword 'amazon' for user Öykü
[2022-08-10 09:13:00,265] INFO Found a registered possible phishing domain.
[2022-08-10 09:13:00,280] INFO Possible phishing domain added to the database. User is updated.
[2022-08-10 09:13:02,291] INFO Found a registered possible phishing domain.
[2022-08-10 09:13:02,303] INFO Possible phishing domain added to the database. User is updated.
[2022-08-10 09:13:08,206] INFO Found a registered possible phishing domain.
[2022-08-10 09:13:08,217] INFO Possible phishing domain added to the database. User is updated.
[2022-08-10 09:13:21,986] INFO Found a registered possible phishing domain.
[2022-08-10 09:13:21,997] INFO Possible phishing domain added to the database. User is updated.
[2022-08-10 09:13:23,054] INFO Found a registered possible phishing domain.
[2022-08-10 09:13:23,065] INFO Possible phishing domain added to the database. User is updated.
[2022-08-10 09:19:30,809] INFO App started.
[2022-08-10 09:19:30,832] INFO Checking for keyword 'amazon' for user Öykü
[2022-08-10 09:21:41,922] INFO App started.
[2022-08-10 09:21:41,947] INFO Checking for keyword 'amazon' for user Öykü
[2022-08-10 09:24:04,183] INFO App started.
[2022-08-10 09:24:04,208] INFO Checking for keyword 'amazon' for user Öykü
[2022-08-10 09:24:08,954] INFO Found a registered possible phishing domain.
[2022-08-10 09:24:08,971] INFO Possible phishing domain added to the database. User is updated.
[2022-08-10 09:24:20,258] INFO Found a registered possible phishing domain.
[2022-08-10 09:24:20,272] INFO Possible phishing domain added to the database. User is updated.
[2022-08-10 09:24:27,327] INFO Found a registered possible phishing domain.
[2022-08-10 09:24:27,344] INFO Possible phishing domain added to the database. User is updated.
[2022-08-10 09:24:28,601] INFO Found a registered possible phishing domain.
[2022-08-10 09:24:28,611] INFO Possible phishing domain added to the database. User is updated.
[2022-08-10 09:24:28,916] INFO Found a registered possible phishing domain.
[2022-08-10 09:24:28,940] INFO Possible phishing domain added to the database. User is updated.
[2022-08-10 09:24:30,269] INFO Found a registered possible phishing domain.
[2022-08-10 09:24:30,282] INFO Possible phishing domain added to the database. User is updated.
[2022-08-10 17:01:53,385] INFO App started.
[2022-08-10 17:01:53,443] INFO Checking for keyword 'amazon' for user Öykü
[2022-08-10 17:02:17,422] INFO Found a registered possible phishing domain.
[2022-08-10 17:03:33,895] INFO App started.
[2022-08-10 17:03:33,918] INFO Checking for keyword 'amazon' for user Öykü
[2022-08-10 17:03:52,002] INFO Found a registered possible phishing domain.
[2022-08-10 17:04:22,774] INFO App started.
[2022-08-10 17:04:22,799] INFO Checking for keyword 'amazon' for user Öykü
[2022-08-10 17:04:42,992] INFO Found a registered possible phishing domain.
[2022-08-10 17:04:43,010] INFO Possible phishing domain added to the database. User is updated.
[2022-08-10 17:04:45,152] INFO Found a registered possible phishing domain.
[2022-08-10 17:04:45,164] INFO Possible phishing domain added to the database. User is updated.
[2022-08-10 17:04:49,833] INFO Found a registered possible phishing domain.
[2022-08-10 17:04:49,847] INFO Possible phishing domain added to the database. User is updated.
[2022-08-10 17:05:00,699] INFO Found a registered possible phishing domain.
[2022-08-10 17:05:00,709] INFO Possible phishing domain added to the database. User is updated.
[2022-08-10 17:05:01,660] INFO Found a registered possible phishing domain.
[2022-08-10 17:05:01,669] INFO Possible phishing domain added to the database. User is updated.
[2022-08-10 17:05:02,472] INFO Found a registered possible phishing domain.
[2022-08-10 17:05:02,484] INFO Possible phishing domain added to the database. User is updated.
[2022-08-10 17:05:07,555] INFO Found a registered possible phishing domain.
[2022-08-10 17:05:07,567] INFO Possible phishing domain added to the database. User is updated.
[2022-08-10 17:05:17,082] INFO Found a registered possible phishing domain.
[2022-08-10 17:05:17,090] INFO Possible phishing domain added to the database. User is updated.
[2022-08-10 17:17:52,901] INFO App started.
[2022-08-10 17:17:52,927] INFO Checking for keyword 'amazon' for user Öykü
[2022-08-10 17:18:48,531] INFO App started.
[2022-08-10 17:18:48,555] INFO Checking for keyword 'amazon' for user Öykü
[2022-08-10 17:19:13,017] INFO Found a registered possible phishing domain.
[2022-08-11 10:03:01,439] INFO App started.
[2022-08-11 10:03:01,500] INFO Checking for keyword 'amazon' for user Öykü
[2022-08-11 10:03:36,822] INFO Found a registered possible phishing domain.
[2022-08-11 10:04:37,383] INFO App started.
[2022-08-11 10:04:37,407] INFO Checking for keyword 'amazon' for user Öykü
[2022-08-11 10:04:38,714] DEBUG {
  "domain_name": null,
  "registrar": null,
  "creation_date": null,
  "expiration_date": null,
  "name_servers": null,
  "emails": null
}
[2022-08-11 10:04:39,945] DEBUG {
  "domain_name": null,
  "registrar": null,
  "whois_server": null,
  "referral_url": null,
  "updated_date": null,
  "creation_date": null,
  "expiration_date": null,
  "name_servers": null,
  "status": null,
  "emails": null,
  "dnssec": null,
  "name": null,
  "org": null,
  "address": null,
  "city": null,
  "state": null,
  "registrant_postal_code": null,
  "country": null
}
[2022-08-11 10:04:40,628] DEBUG {
  "domain_name": null,
  "registrar": null,
  "whois_server": null,
  "referral_url": null,
  "updated_date": null,
  "creation_date": null,
  "expiration_date": null,
  "name_servers": null,
  "status": null,
  "emails": null,
  "dnssec": null,
  "name": null,
  "org": null,
  "address": null,
  "city": null,
  "state": null,
  "registrant_postal_code": null,
  "country": null
}
[2022-08-11 10:04:41,027] DEBUG {
  "domain_name": null,
  "registrar": null,
  "whois_server": null,
  "referral_url": null,
  "updated_date": null,
  "creation_date": null,
  "expiration_date": null,
  "name_servers": null,
  "status": null,
  "emails": null,
  "dnssec": null,
  "name": null,
  "org": null,
  "address": null,
  "city": null,
  "state": null,
  "registrant_postal_code": null,
  "country": null
}
[2022-08-11 10:04:41,723] DEBUG {
  "domain_name": null,
  "domain__id": null,
  "registrar": null,
  "registrar_id": null,
  "registrar_url": null,
  "status": null,
  "registrant_name": null,
  "registrant_state_province": null,
  "registrant_country": null,
  "name_servers": null,
  "creation_date": null,
  "expiration_date": null,
  "updated_date": null
}
[2022-08-11 10:04:42,404] DEBUG {
  "domain_name": null,
  "registrar": null,
  "whois_server": null,
  "referral_url": null,
  "updated_date": null,
  "creation_date": null,
  "expiration_date": null,
  "name_servers": null,
  "status": null,
  "emails": null,
  "dnssec": null,
  "name": null,
  "org": null,
  "address": null,
  "city": null,
  "state": null,
  "registrant_postal_code": null,
  "country": null
}
[2022-08-11 10:04:42,950] DEBUG {
  "domain_name": null,
  "expiration_date": null,
  "updated_date": null,
  "creation_date": null,
  "status": null,
  "registrar": null,
  "registrar_address": null,
  "registrar_postal_code": null,
  "registrar_city": null,
  "registrar_country": null,
  "dnssec": null
}
[2022-08-11 10:04:44,587] DEBUG {
  "domain_name": null,
  "registrar": null,
  "creation_date": null,
  "expiration_date": null,
  "name_servers": null,
  "emails": null
}
[2022-08-11 10:04:45,992] DEBUG {
  "domain_name": null,
  "registrar": null,
  "whois_server": null,
  "referral_url": null,
  "updated_date": null,
  "creation_date": null,
  "expiration_date": null,
  "name_servers": null,
  "status": null,
  "emails": null,
  "dnssec": null,
  "name": null,
  "org": null,
  "address": null,
  "city": null,
  "state": null,
  "registrant_postal_code": null,
  "country": null
}
[2022-08-11 10:04:46,546] DEBUG {
  "domain_name": null,
  "registrar": null,
  "whois_server": null,
  "referral_url": null,
  "updated_date": null,
  "creation_date": null,
  "expiration_date": null,
  "name_servers": null,
  "status": null,
  "emails": null,
  "dnssec": null,
  "name": null,
  "org": null,
  "address": null,
  "city": null,
  "state": null,
  "registrant_postal_code": null,
  "country": null
}
[2022-08-11 10:04:46,837] DEBUG {
  "domain_name": null,
  "registrar": null,
  "whois_server": null,
  "referral_url": null,
  "updated_date": null,
  "creation_date": null,
  "expiration_date": null,
  "name_servers": null,
  "status": null,
  "emails": null,
  "dnssec": null,
  "name": null,
  "org": null,
  "address": null,
  "city": null,
  "state": null,
  "registrant_postal_code": null,
  "country": null
}
[2022-08-11 10:04:47,662] DEBUG {
  "domain_name": null,
  "domain__id": null,
  "registrar": null,
  "registrar_id": null,
  "registrar_url": null,
  "status": null,
  "registrant_name": null,
  "registrant_state_province": null,
  "registrant_country": null,
  "name_servers": null,
  "creation_date": null,
  "expiration_date": null,
  "updated_date": null
}
[2022-08-11 10:04:48,345] DEBUG {
  "domain_name": null,
  "registrar": null,
  "whois_server": null,
  "referral_url": null,
  "updated_date": null,
  "creation_date": null,
  "expiration_date": null,
  "name_servers": null,
  "status": null,
  "emails": null,
  "dnssec": null,
  "name": null,
  "org": null,
  "address": null,
  "city": null,
  "state": null,
  "registrant_postal_code": null,
  "country": null
}
[2022-08-11 10:04:48,820] DEBUG {
  "domain_name": null,
  "expiration_date": null,
  "updated_date": null,
  "creation_date": null,
  "status": null,
  "registrar": null,
  "registrar_address": null,
  "registrar_postal_code": null,
  "registrar_city": null,
  "registrar_country": null,
  "dnssec": null
}
[2022-08-11 10:04:50,225] DEBUG {
  "domain_name": null,
  "registrar": null,
  "creation_date": null,
  "expiration_date": null,
  "name_servers": null,
  "emails": null
}
[2022-08-11 10:04:51,416] DEBUG {
  "domain_name": null,
  "registrar": null,
  "whois_server": null,
  "referral_url": null,
  "updated_date": null,
  "creation_date": null,
  "expiration_date": null,
  "name_servers": null,
  "status": null,
  "emails": null,
  "dnssec": null,
  "name": null,
  "org": null,
  "address": null,
  "city": null,
  "state": null,
  "registrant_postal_code": null,
  "country": null
}
[2022-08-11 10:04:51,568] DEBUG {
  "domain_name": null,
  "registrar": null,
  "whois_server": null,
  "referral_url": null,
  "updated_date": null,
  "creation_date": null,
  "expiration_date": null,
  "name_servers": null,
  "status": null,
  "emails": null,
  "dnssec": null,
  "name": null,
  "org": null,
  "address": null,
  "city": null,
  "state": null,
  "registrant_postal_code": null,
  "country": null
}
[2022-08-11 10:04:52,166] DEBUG {
  "domain_name": null,
  "domain__id": null,
  "registrar": null,
  "registrar_id": null,
  "registrar_url": null,
  "status": null,
  "registrant_name": null,
  "registrant_state_province": null,
  "registrant_country": null,
  "name_servers": null,
  "creation_date": null,
  "expiration_date": null,
  "updated_date": null
}
[2022-08-11 10:04:52,518] DEBUG {
  "domain_name": null,
  "registrar": null,
  "whois_server": null,
  "referral_url": null,
  "updated_date": null,
  "creation_date": null,
  "expiration_date": null,
  "name_servers": null,
  "status": null,
  "emails": null,
  "dnssec": null,
  "name": null,
  "org": null,
  "address": null,
  "city": null,
  "state": null,
  "registrant_postal_code": null,
  "country": null
}
[2022-08-11 10:04:53,087] DEBUG {
  "domain_name": null,
  "expiration_date": null,
  "updated_date": null,
  "creation_date": null,
  "status": null,
  "registrar": null,
  "registrar_address": null,
  "registrar_postal_code": null,
  "registrar_city": null,
  "registrar_country": null,
  "dnssec": null
}
[2022-08-11 10:04:54,279] DEBUG {
  "domain_name": null,
  "registrar": null,
  "creation_date": null,
  "expiration_date": null,
  "name_servers": null,
  "emails": null
}
[2022-08-11 10:04:55,476] DEBUG {
  "domain_name": null,
  "registrar": null,
  "whois_server": null,
  "referral_url": null,
  "updated_date": null,
  "creation_date": null,
  "expiration_date": null,
  "name_servers": null,
  "status": null,
  "emails": null,
  "dnssec": null,
  "name": null,
  "org": null,
  "address": null,
  "city": null,
  "state": null,
  "registrant_postal_code": null,
  "country": null
}
[2022-08-11 10:04:55,991] DEBUG {
  "domain_name": null,
  "registrar": null,
  "whois_server": null,
  "referral_url": null,
  "updated_date": null,
  "creation_date": null,
  "expiration_date": null,
  "name_servers": null,
  "status": null,
  "emails": null,
  "dnssec": null,
  "name": null,
  "org": null,
  "address": null,
  "city": null,
  "state": null,
  "registrant_postal_code": null,
  "country": null
}
[2022-08-11 10:04:56,325] DEBUG {
  "domain_name": null,
  "registrar": null,
  "whois_server": null,
  "referral_url": null,
  "updated_date": null,
  "creation_date": null,
  "expiration_date": null,
  "name_servers": null,
  "status": null,
  "emails": null,
  "dnssec": null,
  "name": null,
  "org": null,
  "address": null,
  "city": null,
  "state": null,
  "registrant_postal_code": null,
  "country": null
}
[2022-08-11 10:04:56,816] DEBUG {
  "domain_name": null,
  "domain__id": null,
  "registrar": null,
  "registrar_id": null,
  "registrar_url": null,
  "status": null,
  "registrant_name": null,
  "registrant_state_province": null,
  "registrant_country": null,
  "name_servers": null,
  "creation_date": null,
  "expiration_date": null,
  "updated_date": null
}
[2022-08-11 10:04:57,213] DEBUG {
  "domain_name": null,
  "registrar": null,
  "whois_server": null,
  "referral_url": null,
  "updated_date": null,
  "creation_date": null,
  "expiration_date": null,
  "name_servers": null,
  "status": null,
  "emails": null,
  "dnssec": null,
  "name": null,
  "org": null,
  "address": null,
  "city": null,
  "state": null,
  "registrant_postal_code": null,
  "country": null
}
[2022-08-11 10:04:57,689] DEBUG {
  "domain_name": null,
  "expiration_date": null,
  "updated_date": null,
  "creation_date": null,
  "status": null,
  "registrar": null,
  "registrar_address": null,
  "registrar_postal_code": null,
  "registrar_city": null,
  "registrar_country": null,
  "dnssec": null
}
[2022-08-11 10:04:58,874] DEBUG {
  "domain_name": null,
  "registrar": null,
  "creation_date": null,
  "expiration_date": null,
  "name_servers": null,
  "emails": null
}
[2022-08-11 10:05:00,100] DEBUG {
  "domain_name": null,
  "registrar": null,
  "whois_server": null,
  "referral_url": null,
  "updated_date": null,
  "creation_date": null,
  "expiration_date": null,
  "name_servers": null,
  "status": null,
  "emails": null,
  "dnssec": null,
  "name": null,
  "org": null,
  "address": null,
  "city": null,
  "state": null,
  "registrant_postal_code": null,
  "country": null
}
[2022-08-11 10:05:01,343] DEBUG {
  "domain_name": "AGMAZON.COM",
  "registrar": "Gabia, Inc.",
  "whois_server": "whois.gabia.com",
  "referral_url": null,
  "updated_date": "2022-04-04 06:25:10",
  "creation_date": "2022-04-04 06:23:15",
  "expiration_date": "2023-04-04 06:23:15",
  "name_servers": [
    "NS.GABIA.CO.KR",
    "NS.GABIA.NET",
    "NS1.GABIA.CO.KR"
  ],
  "status": [
    "clientTransferProhibited https://icann.org/epp#clientTransferProhibited",
    "clientUpdateProhibited https://icann.org/epp#clientUpdateProhibited"
  ],
  "emails": "abuse@gabia.com",
  "dnssec": "unsigned",
  "name": null,
  "org": null,
  "address": null,
  "city": null,
  "state": null,
  "registrant_postal_code": null,
  "country": null
}
[2022-08-11 10:05:01,343] INFO Found a registered possible phishing domain.
[2022-08-11 10:06:31,415] INFO App started.
[2022-08-11 10:06:31,440] INFO Checking for keyword 'amazon' for user Öykü
[2022-08-11 10:06:54,343] INFO Found a registered possible phishing domain.
[2022-08-11 10:06:54,344] DEBUG {
  "domain_name": "AGMAZON.COM",
  "registrar": "Gabia, Inc.",
  "whois_server": "whois.gabia.com",
  "referral_url": null,
  "updated_date": "2022-04-04 06:25:10",
  "creation_date": "2022-04-04 06:23:15",
  "expiration_date": "2023-04-04 06:23:15",
  "name_servers": [
    "NS.GABIA.CO.KR",
    "NS.GABIA.NET",
    "NS1.GABIA.CO.KR"
  ],
  "status": [
    "clientTransferProhibited https://icann.org/epp#clientTransferProhibited",
    "clientUpdateProhibited https://icann.org/epp#clientUpdateProhibited"
  ],
  "emails": "abuse@gabia.com",
  "dnssec": "unsigned",
  "name": null,
  "org": null,
  "address": null,
  "city": null,
  "state": null,
  "registrant_postal_code": null,
  "country": null
}
[2022-08-11 10:21:58,110] INFO App started.
[2022-08-11 10:21:58,137] INFO Checking for keyword 'amazon' for user Öykü
[2022-08-11 10:22:27,294] INFO Found a registered possible phishing domain.
[2022-08-11 10:22:27,295] DEBUG {
  "domain_name": "AGMAZON.COM",
  "registrar": "Gabia, Inc.",
  "whois_server": "whois.gabia.com",
  "referral_url": null,
  "updated_date": "2022-04-04 06:25:10",
  "creation_date": "2022-04-04 06:23:15",
  "expiration_date": "2023-04-04 06:23:15",
  "name_servers": [
    "NS.GABIA.CO.KR",
    "NS.GABIA.NET",
    "NS1.GABIA.CO.KR"
  ],
  "status": [
    "clientTransferProhibited https://icann.org/epp#clientTransferProhibited",
    "clientUpdateProhibited https://icann.org/epp#clientUpdateProhibited"
  ],
  "emails": "abuse@gabia.com",
  "dnssec": "unsigned",
  "name": null,
  "org": null,
  "address": null,
  "city": null,
  "state": null,
  "registrant_postal_code": null,
  "country": null
}
[2022-08-11 10:23:57,096] INFO App started.
[2022-08-11 10:23:57,120] INFO Checking for keyword 'amazon' for user Öykü
[2022-08-11 10:24:26,598] INFO Found a registered possible phishing domain.
[2022-08-11 10:24:26,599] DEBUG {
  "domain_name": "AGMAZON.COM",
  "registrar": "Gabia, Inc.",
  "whois_server": "whois.gabia.com",
  "referral_url": null,
  "updated_date": "2022-04-04 06:25:10",
  "creation_date": "2022-04-04 06:23:15",
  "expiration_date": "2023-04-04 06:23:15",
  "name_servers": [
    "NS.GABIA.CO.KR",
    "NS.GABIA.NET",
    "NS1.GABIA.CO.KR"
  ],
  "status": [
    "clientTransferProhibited https://icann.org/epp#clientTransferProhibited",
    "clientUpdateProhibited https://icann.org/epp#clientUpdateProhibited"
  ],
  "emails": "abuse@gabia.com",
  "dnssec": "unsigned",
  "name": null,
  "org": null,
  "address": null,
  "city": null,
  "state": null,
  "registrant_postal_code": null,
  "country": null
}
[2022-08-11 10:25:41,978] INFO App started.
[2022-08-11 10:25:42,002] INFO Checking for keyword 'amazon' for user Öykü
[2022-08-11 10:26:04,857] INFO Found a registered possible phishing domain.
[2022-08-11 10:26:04,858] DEBUG {
  "domain_name": "AGMAZON.COM",
  "registrar": "Gabia, Inc.",
  "whois_server": "whois.gabia.com",
  "referral_url": null,
  "updated_date": "2022-04-04 06:25:10",
  "creation_date": "2022-04-04 06:23:15",
  "expiration_date": "2023-04-04 06:23:15",
  "name_servers": [
    "NS.GABIA.CO.KR",
    "NS.GABIA.NET",
    "NS1.GABIA.CO.KR"
  ],
  "status": [
    "clientTransferProhibited https://icann.org/epp#clientTransferProhibited",
    "clientUpdateProhibited https://icann.org/epp#clientUpdateProhibited"
  ],
  "emails": "abuse@gabia.com",
  "dnssec": "unsigned",
  "name": null,
  "org": null,
  "address": null,
  "city": null,
  "state": null,
  "registrant_postal_code": null,
  "country": null
}
[2022-08-11 10:26:20,539] INFO App started.
[2022-08-11 10:26:20,568] INFO Checking for keyword 'amazon' for user Öykü
[2022-08-11 10:26:42,849] INFO Found a registered possible phishing domain.
[2022-08-11 10:26:42,850] DEBUG <class 'whois.parser.WhoisCom'>
[2022-08-11 10:51:04,442] INFO App started.
[2022-08-11 10:51:04,485] INFO Checking for keyword 'amazon' for user Öykü
[2022-08-11 10:51:23,401] INFO App started.
[2022-08-11 10:51:23,424] INFO Checking for keyword 'amazon' for user Öykü
[2022-08-11 10:52:16,825] INFO Found a registered possible phishing domain.
[2022-08-11 10:52:16,826] DEBUG <class 'whois.parser.WhoisCom'>
[2022-08-11 10:57:48,701] INFO App started.
[2022-08-11 10:57:48,745] INFO Checking for keyword 'amazon' for user Öykü
[2022-08-11 10:58:19,561] INFO Found a registered possible phishing domain.
[2022-08-11 11:06:37,989] DEBUG <class 'whois.parser.WhoisCom'>
[2022-08-11 12:06:13,794] INFO App started.
[2022-08-11 12:06:13,833] INFO Checking for keyword 'amazon' for user Öykü
[2022-08-11 12:06:58,235] INFO Found a registered possible phishing domain.
[2022-08-11 12:06:58,236] DEBUG <class 'whois.parser.WhoisCom'>
[2022-08-11 12:09:09,512] INFO App started.
[2022-08-11 12:09:09,556] INFO Checking for keyword 'amazon' for user Öykü
[2022-08-11 12:09:46,298] INFO Found a registered possible phishing domain.
[2022-08-11 12:09:46,299] DEBUG <class 'whois.parser.WhoisCom'>
[2022-08-11 12:15:36,143] INFO App started.
[2022-08-11 12:15:36,169] INFO Checking for keyword 'amazon' for user Öykü
[2022-08-11 12:16:04,557] INFO Found a registered possible phishing domain.
[2022-08-11 12:16:04,558] DEBUG <class 'whois.parser.WhoisCom'>
[2022-08-11 12:17:38,632] INFO App started.
[2022-08-11 12:17:38,661] INFO Checking for keyword 'amazon' for user Öykü
[2022-08-11 12:18:13,254] INFO Found a registered possible phishing domain.
[2022-08-11 12:18:13,254] DEBUG <class 'whois.parser.WhoisCom'>
[2022-08-11 12:18:35,352] INFO App started.
[2022-08-11 12:18:35,380] INFO Checking for keyword 'amazon' for user Öykü
[2022-08-11 12:19:07,173] INFO Found a registered possible phishing domain.
[2022-08-11 12:19:07,174] DEBUG {
  "domain_name": "AGMAZON.COM",
  "registrar": "Gabia, Inc.",
  "whois_server": "whois.gabia.com",
  "referral_url": null,
  "updated_date": "2022-04-04 06:25:10",
  "creation_date": "2022-04-04 06:23:15",
  "expiration_date": "2023-04-04 06:23:15",
  "name_servers": [
    "NS.GABIA.CO.KR",
    "NS.GABIA.NET",
    "NS1.GABIA.CO.KR"
  ],
  "status": [
    "clientTransferProhibited https://icann.org/epp#clientTransferProhibited",
    "clientUpdateProhibited https://icann.org/epp#clientUpdateProhibited"
  ],
  "emails": "abuse@gabia.com",
  "dnssec": "unsigned",
  "name": null,
  "org": null,
  "address": null,
  "city": null,
  "state": null,
  "registrant_postal_code": null,
  "country": null
}
[2022-08-11 12:20:46,270] INFO App started.
[2022-08-11 12:20:46,296] INFO Checking for keyword 'amazon' for user Öykü
[2022-08-11 12:21:07,042] INFO Found a registered possible phishing domain.
[2022-08-11 12:21:07,043] DEBUG {'domain_name': 'AGMAZON.COM', 'registrar': 'Gabia, Inc.', 'whois_server': 'whois.gabia.com', 'referral_url': None, 'updated_date': datetime.datetime(2022, 4, 4, 6, 25, 10), 'creation_date': datetime.datetime(2022, 4, 4, 6, 23, 15), 'expiration_date': datetime.datetime(2023, 4, 4, 6, 23, 15), 'name_servers': ['NS.GABIA.CO.KR', 'NS.GABIA.NET', 'NS1.GABIA.CO.KR'], 'status': ['clientTransferProhibited https://icann.org/epp#clientTransferProhibited', 'clientUpdateProhibited https://icann.org/epp#clientUpdateProhibited'], 'emails': 'abuse@gabia.com', 'dnssec': 'unsigned', 'name': None, 'org': None, 'address': None, 'city': None, 'state': None, 'registrant_postal_code': None, 'country': None}
[2022-08-11 12:23:53,058] INFO App started.
[2022-08-11 12:23:53,088] INFO Checking for keyword 'amazon' for user Öykü
[2022-08-11 12:24:34,787] INFO Found a registered possible phishing domain.
[2022-08-11 12:24:34,789] DEBUG {'domain_name': 'AGMAZON.COM', 'registrar': 'Gabia, Inc.', 'whois_server': 'whois.gabia.com', 'referral_url': None, 'updated_date': datetime.datetime(2022, 4, 4, 6, 25, 10), 'creation_date': datetime.datetime(2022, 4, 4, 6, 23, 15), 'expiration_date': datetime.datetime(2023, 4, 4, 6, 23, 15), 'name_servers': ['NS.GABIA.CO.KR', 'NS.GABIA.NET', 'NS1.GABIA.CO.KR'], 'status': ['clientTransferProhibited https://icann.org/epp#clientTransferProhibited', 'clientUpdateProhibited https://icann.org/epp#clientUpdateProhibited'], 'emails': 'abuse@gabia.com', 'dnssec': 'unsigned', 'name': None, 'org': None, 'address': None, 'city': None, 'state': None, 'registrant_postal_code': None, 'country': None}
[2022-08-11 12:26:05,592] INFO App started.
[2022-08-11 12:26:05,618] INFO Checking for keyword 'amazon' for user Öykü
[2022-08-11 12:26:33,500] INFO Found a registered possible phishing domain.
[2022-08-11 12:26:33,501] DEBUG {'domain_name': 'AGMAZON.COM', 'registrar': 'Gabia, Inc.', 'whois_server': 'whois.gabia.com', 'referral_url': None, 'updated_date': datetime.datetime(2022, 4, 4, 6, 25, 10), 'creation_date': datetime.datetime(2022, 4, 4, 6, 23, 15), 'expiration_date': datetime.datetime(2023, 4, 4, 6, 23, 15), 'name_servers': ['NS.GABIA.CO.KR', 'NS.GABIA.NET', 'NS1.GABIA.CO.KR'], 'status': ['clientTransferProhibited https://icann.org/epp#clientTransferProhibited', 'clientUpdateProhibited https://icann.org/epp#clientUpdateProhibited'], 'emails': 'abuse@gabia.com', 'dnssec': 'unsigned', 'name': None, 'org': None, 'address': None, 'city': None, 'state': None, 'registrant_postal_code': None, 'country': None}
[2022-08-11 12:29:49,474] INFO App started.
[2022-08-11 12:29:49,502] INFO Checking for keyword 'amazon' for user Öykü
[2022-08-11 12:30:51,285] INFO Found a registered possible phishing domain.
[2022-08-11 12:30:51,286] DEBUG 04/04/2022
[2022-08-11 12:30:51,286] DEBUG 04/04/2022
[2022-08-11 12:30:51,288] DEBUG {'domain_name': 'AGMAZON.COM', 'registrar': 'Gabia, Inc.', 'whois_server': 'whois.gabia.com', 'referral_url': None, 'updated_date': datetime.datetime(2022, 4, 4, 6, 25, 10), 'creation_date': datetime.datetime(2022, 4, 4, 6, 23, 15), 'expiration_date': datetime.datetime(2023, 4, 4, 6, 23, 15), 'name_servers': ['NS.GABIA.CO.KR', 'NS.GABIA.NET', 'NS1.GABIA.CO.KR'], 'status': ['clientTransferProhibited https://icann.org/epp#clientTransferProhibited', 'clientUpdateProhibited https://icann.org/epp#clientUpdateProhibited'], 'emails': 'abuse@gabia.com', 'dnssec': 'unsigned', 'name': None, 'org': None, 'address': None, 'city': None, 'state': None, 'registrant_postal_code': None, 'country': None}
[2022-08-11 12:33:27,070] INFO App started.
[2022-08-11 12:33:27,093] INFO Checking for keyword 'amazon' for user Öykü
[2022-08-11 12:33:59,857] INFO App started.
[2022-08-11 12:33:59,882] INFO Checking for keyword 'amazon' for user Öykü
[2022-08-11 12:35:04,700] INFO Found a registered possible phishing domain.
[2022-08-11 12:35:04,700] DEBUG 2022-Apr-04
[2022-08-11 12:35:04,700] DEBUG 2022-Apr-04
[2022-08-11 12:35:04,701] DEBUG {'domain_name': 'AGMAZON.COM', 'registrar': 'Gabia, Inc.', 'whois_server': 'whois.gabia.com', 'referral_url': None, 'updated_date': datetime.datetime(2022, 4, 4, 6, 25, 10), 'creation_date': datetime.datetime(2022, 4, 4, 6, 23, 15), 'expiration_date': datetime.datetime(2023, 4, 4, 6, 23, 15), 'name_servers': ['NS.GABIA.CO.KR', 'NS.GABIA.NET', 'NS1.GABIA.CO.KR'], 'status': ['clientTransferProhibited https://icann.org/epp#clientTransferProhibited', 'clientUpdateProhibited https://icann.org/epp#clientUpdateProhibited'], 'emails': 'abuse@gabia.com', 'dnssec': 'unsigned', 'name': None, 'org': None, 'address': None, 'city': None, 'state': None, 'registrant_postal_code': None, 'country': None}
[2022-08-11 12:37:13,662] INFO App started.
[2022-08-11 12:37:13,693] INFO Checking for keyword 'amazon' for user Öykü
[2022-08-11 12:38:01,185] INFO Found a registered possible phishing domain.
[2022-08-11 12:38:01,185] DEBUG <class 'str'>
[2022-08-11 12:38:01,185] DEBUG 2022-Apr-04
[2022-08-11 12:38:01,186] DEBUG {'domain_name': 'AGMAZON.COM', 'registrar': 'Gabia, Inc.', 'whois_server': 'whois.gabia.com', 'referral_url': None, 'updated_date': datetime.datetime(2022, 4, 4, 6, 25, 10), 'creation_date': datetime.datetime(2022, 4, 4, 6, 23, 15), 'expiration_date': datetime.datetime(2023, 4, 4, 6, 23, 15), 'name_servers': ['NS.GABIA.CO.KR', 'NS.GABIA.NET', 'NS1.GABIA.CO.KR'], 'status': ['clientTransferProhibited https://icann.org/epp#clientTransferProhibited', 'clientUpdateProhibited https://icann.org/epp#clientUpdateProhibited'], 'emails': 'abuse@gabia.com', 'dnssec': 'unsigned', 'name': None, 'org': None, 'address': None, 'city': None, 'state': None, 'registrant_postal_code': None, 'country': None}
[2022-08-11 12:38:33,977] INFO App started.
[2022-08-11 12:38:34,001] INFO Checking for keyword 'amazon' for user Öykü
[2022-08-11 12:39:16,855] INFO Found a registered possible phishing domain.
[2022-08-11 12:39:16,855] DEBUG <class 'str'>
[2022-08-11 12:39:16,855] DEBUG <class 'str'>
[2022-08-11 12:39:16,856] DEBUG {'domain_name': 'AGMAZON.COM', 'registrar': 'Gabia, Inc.', 'whois_server': 'whois.gabia.com', 'referral_url': None, 'updated_date': datetime.datetime(2022, 4, 4, 6, 25, 10), 'creation_date': datetime.datetime(2022, 4, 4, 6, 23, 15), 'expiration_date': datetime.datetime(2023, 4, 4, 6, 23, 15), 'name_servers': ['NS.GABIA.CO.KR', 'NS.GABIA.NET', 'NS1.GABIA.CO.KR'], 'status': ['clientTransferProhibited https://icann.org/epp#clientTransferProhibited', 'clientUpdateProhibited https://icann.org/epp#clientUpdateProhibited'], 'emails': 'abuse@gabia.com', 'dnssec': 'unsigned', 'name': None, 'org': None, 'address': None, 'city': None, 'state': None, 'registrant_postal_code': None, 'country': None}
[2022-08-11 12:39:54,994] INFO App started.
[2022-08-11 12:39:55,029] INFO Checking for keyword 'amazon' for user Öykü
[2022-08-11 12:40:26,343] INFO Found a registered possible phishing domain.
[2022-08-11 12:40:26,343] DEBUG <class 'str'>
[2022-08-11 12:40:26,343] DEBUG <class 'str'>
[2022-08-11 12:40:26,343] DEBUG <class 'str'>
[2022-08-11 12:40:26,344] DEBUG {'domain_name': 'AGMAZON.COM', 'registrar': 'Gabia, Inc.', 'whois_server': 'whois.gabia.com', 'referral_url': None, 'updated_date': datetime.datetime(2022, 4, 4, 6, 25, 10), 'creation_date': datetime.datetime(2022, 4, 4, 6, 23, 15), 'expiration_date': datetime.datetime(2023, 4, 4, 6, 23, 15), 'name_servers': ['NS.GABIA.CO.KR', 'NS.GABIA.NET', 'NS1.GABIA.CO.KR'], 'status': ['clientTransferProhibited https://icann.org/epp#clientTransferProhibited', 'clientUpdateProhibited https://icann.org/epp#clientUpdateProhibited'], 'emails': 'abuse@gabia.com', 'dnssec': 'unsigned', 'name': None, 'org': None, 'address': None, 'city': None, 'state': None, 'registrant_postal_code': None, 'country': None}
[2022-08-11 12:41:22,211] INFO App started.
[2022-08-11 12:41:22,261] INFO Checking for keyword 'amazon' for user Öykü
[2022-08-11 12:41:37,593] INFO App started.
[2022-08-11 12:41:37,618] INFO Checking for keyword 'amazon' for user Öykü
[2022-08-11 12:42:19,960] INFO Found a registered possible phishing domain.
[2022-08-11 12:42:19,961] DEBUG {'domain_name': 'AGMAZON.COM', 'registrar': 'Gabia, Inc.', 'whois_server': 'whois.gabia.com', 'referral_url': None, 'updated_date': datetime.datetime(2022, 4, 4, 6, 25, 10), 'creation_date': datetime.datetime(2022, 4, 4, 6, 23, 15), 'expiration_date': datetime.datetime(2023, 4, 4, 6, 23, 15), 'name_servers': ['NS.GABIA.CO.KR', 'NS.GABIA.NET', 'NS1.GABIA.CO.KR'], 'status': ['clientTransferProhibited https://icann.org/epp#clientTransferProhibited', 'clientUpdateProhibited https://icann.org/epp#clientUpdateProhibited'], 'emails': 'abuse@gabia.com', 'dnssec': 'unsigned', 'name': None, 'org': None, 'address': None, 'city': None, 'state': None, 'registrant_postal_code': None, 'country': None}
[2022-08-11 12:48:00,230] INFO App started.
[2022-08-11 12:48:00,257] INFO Checking for keyword 'amazon' for user Öykü
[2022-08-11 12:48:37,128] INFO Found a registered possible phishing domain.
[2022-08-11 12:48:37,128] DEBUG 2022-Apr-04
[2022-08-11 12:48:37,128] DEBUG <class 'str'>
[2022-08-11 12:48:37,128] DEBUG 2022-04-04 06:25:10
[2022-08-11 12:48:37,128] DEBUG <class 'datetime.datetime'>
[2022-08-11 12:48:37,129] DEBUG {'domain_name': 'AGMAZON.COM', 'registrar': 'Gabia, Inc.', 'whois_server': 'whois.gabia.com', 'referral_url': None, 'updated_date': datetime.datetime(2022, 4, 4, 6, 25, 10), 'creation_date': datetime.datetime(2022, 4, 4, 6, 23, 15), 'expiration_date': datetime.datetime(2023, 4, 4, 6, 23, 15), 'name_servers': ['NS.GABIA.CO.KR', 'NS.GABIA.NET', 'NS1.GABIA.CO.KR'], 'status': ['clientTransferProhibited https://icann.org/epp#clientTransferProhibited', 'clientUpdateProhibited https://icann.org/epp#clientUpdateProhibited'], 'emails': 'abuse@gabia.com', 'dnssec': 'unsigned', 'name': None, 'org': None, 'address': None, 'city': None, 'state': None, 'registrant_postal_code': None, 'country': None}
[2022-08-11 13:04:30,116] INFO App started.
[2022-08-11 13:04:30,145] INFO Checking for keyword 'amazon' for user Öykü
[2022-08-11 13:05:14,497] INFO Found a registered possible phishing domain.
[2022-08-11 13:05:14,498] DEBUG {'domain_name': 'AGMAZON.COM', 'registrar': 'Gabia, Inc.', 'whois_server': 'whois.gabia.com', 'referral_url': None, 'updated_date': '2022-Apr-04', 'creation_date': '2022-Apr-04', 'expiration_date': '2023-Apr-04', 'name_servers': ['NS.GABIA.CO.KR', 'NS.GABIA.NET', 'NS1.GABIA.CO.KR'], 'status': ['clientTransferProhibited https://icann.org/epp#clientTransferProhibited', 'clientUpdateProhibited https://icann.org/epp#clientUpdateProhibited'], 'emails': 'abuse@gabia.com', 'dnssec': 'unsigned', 'name': None, 'org': None, 'address': None, 'city': None, 'state': None, 'registrant_postal_code': None, 'country': None}
[2022-08-11 13:05:14,520] INFO Possible phishing domain added to the database. User is updated.
[2022-08-11 13:05:28,144] INFO Found a registered possible phishing domain.
[2022-08-11 13:05:28,145] DEBUG {'domain_name': ['AMAZON1.COM', 'amazon1.com'], 'registrar': 'MarkMonitor, Inc.', 'whois_server': 'whois.markmonitor.com', 'referral_url': None, 'updated_date': '2022-Jan-31', 'creation_date': '2004-May-29', 'expiration_date': '2023-Apr-16', 'name_servers': ['NS1.P31.DYNECT.NET', 'NS2.P31.DYNECT.NET', 'NS3.P31.DYNECT.NET', 'NS4.P31.DYNECT.NET', 'PDNS1.ULTRADNS.NET', 'PDNS2.ULTRADNS.NET', 'PDNS3.ULTRADNS.ORG', 'PDNS4.ULTRADNS.ORG', 'PDNS5.ULTRADNS.INFO', 'PDNS6.ULTRADNS.CO.UK', 'pdns6.ultradns.co.uk', 'pdns5.ultradns.info', 'pdns2.ultradns.net', 'ns4.p31.dynect.net', 'pdns1.ultradns.net', 'ns3.p31.dynect.net', 'ns2.p31.dynect.net', 'pdns3.ultradns.org', 'ns1.p31.dynect.net', 'pdns4.ultradns.org'], 'status': ['clientDeleteProhibited https://icann.org/epp#clientDeleteProhibited', 'clientTransferProhibited https://icann.org/epp#clientTransferProhibited', 'clientUpdateProhibited https://icann.org/epp#clientUpdateProhibited', 'clientUpdateProhibited (https://www.icann.org/epp#clientUpdateProhibited)', 'clientTransferProhibited (https://www.icann.org/epp#clientTransferProhibited)', 'clientDeleteProhibited (https://www.icann.org/epp#clientDeleteProhibited)'], 'emails': ['abusecomplaints@markmonitor.com', 'hostmaster@amazon.com', 'whoisrequest@markmonitor.com'], 'dnssec': 'unsigned', 'name': 'Hostmaster, Amazon Legal Dept.', 'org': 'Amazon Technologies, Inc.', 'address': 'P.O. Box 8102', 'city': 'Reno', 'state': 'NV', 'registrant_postal_code': '89507', 'country': 'US'}
[2022-08-11 13:05:28,157] INFO Possible phishing domain added to the database. User is updated.
[2022-08-11 13:05:29,069] INFO Found a registered possible phishing domain.
[2022-08-11 13:05:29,071] DEBUG {'domain_name': 'amazon1.org', 'registrar': 'GoDaddy.com, LLC', 'whois_server': 'whois.godaddy.com', 'referral_url': None, 'updated_date': '2022-Aug-01', 'creation_date': '2021-Mar-08', 'expiration_date': '2024-Mar-08', 'name_servers': ['ns1.fornex.com', 'ns2.fornex.com', 'ns3.fornex.com', 'ns4.fornex.com', 'NS1.FORNEX.COM', 'NS2.FORNEX.COM', 'NS3.FORNEX.COM', 'NS4.FORNEX.COM'], 'status': ['clientDeleteProhibited https://icann.org/epp#clientDeleteProhibited', 'clientRenewProhibited https://icann.org/epp#clientRenewProhibited', 'clientTransferProhibited https://icann.org/epp#clientTransferProhibited', 'clientUpdateProhibited https://icann.org/epp#clientUpdateProhibited'], 'emails': 'abuse@godaddy.com', 'dnssec': 'unsigned', 'name': ['REDACTED FOR PRIVACY', 'Registration Private'], 'org': 'Domains By Proxy, LLC', 'address': ['REDACTED FOR PRIVACY', 'DomainsByProxy.com', '2155 E Warner Rd'], 'city': ['REDACTED FOR PRIVACY', 'Tempe'], 'state': 'Arizona', 'registrant_postal_code': ['REDACTED FOR PRIVACY', '85284'], 'country': 'US'}
[2022-08-11 13:05:29,081] INFO Possible phishing domain added to the database. User is updated.
[2022-08-11 13:05:29,843] INFO Found a registered possible phishing domain.
[2022-08-11 13:05:29,845] DEBUG {'domain_name': ['AMAZON1.NET', 'amazon1.net'], 'registrar': 'MarkMonitor, Inc.', 'whois_server': 'whois.markmonitor.com', 'referral_url': None, 'updated_date': '2022-Jan-31', 'creation_date': '2012-Mar-28', 'expiration_date': '2023-Mar-28', 'name_servers': ['NS1.MARKMONITOR.COM', 'NS3.MARKMONITOR.COM', 'NS4.MARKMONITOR.COM', 'NS5.MARKMONITOR.COM', 'ns1.markmonitor.com', 'ns4.markmonitor.com', 'ns3.markmonitor.com', 'ns5.markmonitor.com'], 'status': ['clientDeleteProhibited https://icann.org/epp#clientDeleteProhibited', 'clientTransferProhibited https://icann.org/epp#clientTransferProhibited', 'clientUpdateProhibited https://icann.org/epp#clientUpdateProhibited', 'clientUpdateProhibited (https://www.icann.org/epp#clientUpdateProhibited)', 'clientTransferProhibited (https://www.icann.org/epp#clientTransferProhibited)', 'clientDeleteProhibited (https://www.icann.org/epp#clientDeleteProhibited)'], 'emails': ['abusecomplaints@markmonitor.com', 'hostmaster@amazon.com', 'whoisrequest@markmonitor.com'], 'dnssec': 'unsigned', 'name': 'Hostmaster, Amazon Legal Dept.', 'org': 'Amazon Technologies, Inc.', 'address': 'P.O. Box 8102', 'city': 'Reno', 'state': 'NV', 'registrant_postal_code': '89507', 'country': 'US'}
[2022-08-11 13:05:29,855] INFO Possible phishing domain added to the database. User is updated.
[2022-08-11 13:05:38,188] INFO Found a registered possible phishing domain.
[2022-08-11 13:05:38,189] DEBUG {'domain_name': ['AMA7ON.COM', 'ama7on.com'], 'registrar': 'MarkMonitor, Inc.', 'whois_server': 'whois.markmonitor.com', 'referral_url': None, 'updated_date': '2022-Jan-31', 'creation_date': '2009-Apr-10', 'expiration_date': '2023-Apr-10', 'name_servers': ['NS1.MARKMONITOR.COM', 'NS3.MARKMONITOR.COM', 'NS4.MARKMONITOR.COM', 'NS5.MARKMONITOR.COM', 'ns3.markmonitor.com', 'ns5.markmonitor.com', 'ns4.markmonitor.com', 'ns1.markmonitor.com'], 'status': ['clientDeleteProhibited https://icann.org/epp#clientDeleteProhibited', 'clientTransferProhibited https://icann.org/epp#clientTransferProhibited', 'clientUpdateProhibited https://icann.org/epp#clientUpdateProhibited', 'clientUpdateProhibited (https://www.icann.org/epp#clientUpdateProhibited)', 'clientTransferProhibited (https://www.icann.org/epp#clientTransferProhibited)', 'clientDeleteProhibited (https://www.icann.org/epp#clientDeleteProhibited)'], 'emails': ['abusecomplaints@markmonitor.com', 'hostmaster@amazon.com', 'whoisrequest@markmonitor.com'], 'dnssec': 'unsigned', 'name': 'Hostmaster, Amazon Legal Dept.', 'org': 'Amazon Technologies, Inc.', 'address': 'P.O. Box 8102', 'city': 'Reno', 'state': 'NV', 'registrant_postal_code': '89507', 'country': 'US'}
[2022-08-11 13:05:38,200] INFO Possible phishing domain added to the database. User is updated.
[2022-08-11 13:05:47,765] INFO Found a registered possible phishing domain.
[2022-08-11 13:05:47,766] DEBUG {'domain_name': ['AMRZON.COM', 'amrzon.com'], 'registrar': 'Alibaba Cloud Computing Ltd. d/b/a HiChina (www.net.cn)', 'whois_server': 'grs-whois.hichina.com', 'referral_url': None, 'updated_date': '2022-Aug-02', 'creation_date': '2019-Sep-27', 'expiration_date': '2023-Sep-27', 'name_servers': ['NS1.BODIS.COM', 'NS2.BODIS.COM'], 'status': 'ok https://icann.org/epp#ok', 'emails': 'DomainAbuse@service.aliyun.com', 'dnssec': 'unsigned', 'name': None, 'org': None, 'address': None, 'city': None, 'state': None, 'registrant_postal_code': None, 'country': None}
[2022-08-11 13:05:47,776] INFO Possible phishing domain added to the database. User is updated.
[2022-08-15 09:11:53,421] INFO App started.
[2022-08-15 09:11:53,522] INFO Checking for keyword 'amazon' for user Öykü
[2022-08-15 09:12:30,067] INFO Found a registered possible phishing domain.
[2022-08-15 09:12:30,068] DEBUG {'domain_name': 'amazozn.ca', 'whois_server': 'whois.ca.fury.ca', 'registrar': 'BareMetal.com inc', 'registrar_url': 'http://baremetal.com/', 'registrant_name': 'REDACTED FOR PRIVACY', 'registrant_number': 'REDACTED FOR PRIVACY', 'admin_name': 'REDACTED FOR PRIVACY', 'status': ['ok https://icann.org/epp#ok', 'autoRenewPeriod https://icann.org/epp#autoRenewPeriod'], 'emails': ['support@baremetal.com', 'Please ask the Registrar of Record identified in this output for information on how to contact the Registrant, Admin, or Other contacts of the queried domain name'], 'updated_date': '2022-Aug-15', 'creation_date': '2014-Aug-15', 'expiration_date': '2023-Aug-15', 'phone': ['+1.2505987708', 'REDACTED FOR PRIVACY'], 'fax': 'REDACTED FOR PRIVACY', 'dnssec': 'unsigned', 'name_servers': ['ns1.above.com', 'ns2.above.com']}
[2022-08-15 09:12:30,084] INFO Possible phishing domain added to the database. User is updated.
[2022-08-15 09:12:35,344] INFO Found a registered possible phishing domain.
[2022-08-15 09:12:35,346] DEBUG {'domain_name': 'AGMAZON.COM', 'registrar': 'Gabia, Inc.', 'whois_server': 'whois.gabia.com', 'referral_url': None, 'updated_date': '2022-Apr-04', 'creation_date': '2022-Apr-04', 'expiration_date': '2023-Apr-04', 'name_servers': ['NS.GABIA.CO.KR', 'NS.GABIA.NET', 'NS1.GABIA.CO.KR'], 'status': ['clientTransferProhibited https://icann.org/epp#clientTransferProhibited', 'clientUpdateProhibited https://icann.org/epp#clientUpdateProhibited'], 'emails': 'abuse@gabia.com', 'dnssec': 'unsigned', 'name': None, 'org': None, 'address': None, 'city': None, 'state': None, 'registrant_postal_code': None, 'country': None}
[2022-08-15 09:12:35,364] INFO Possible phishing domain added to the database. User is updated.
[2022-08-15 09:17:05,179] INFO App started.
[2022-08-15 09:17:05,209] INFO Checking for keyword 'amazon' for user Öykü
[2022-08-15 09:17:42,108] INFO Found a registered possible phishing domain.
[2022-08-15 09:17:58,512] INFO App started.
[2022-08-15 09:17:58,541] INFO Checking for keyword 'amazon' for user Öykü
[2022-08-15 09:18:34,473] INFO Found a registered possible phishing domain.
[2022-08-15 09:18:34,474] DEBUG {
  "domain_name": [
    "AMAZON1.COM",
    "amazon1.com"
  ],
  "registrar": "MarkMonitor, Inc.",
  "whois_server": "whois.markmonitor.com",
  "referral_url": null,
  "updated_date": [
    "2022-01-31 17:18:52",
    "2022-01-31 17:18:52+00:00"
  ],
  "creation_date": "2004-May-29",
  "expiration_date": "2023-Apr-16",
  "name_servers": [
    "NS1.P31.DYNECT.NET",
    "NS2.P31.DYNECT.NET",
    "NS3.P31.DYNECT.NET",
    "NS4.P31.DYNECT.NET",
    "PDNS1.ULTRADNS.NET",
    "PDNS2.ULTRADNS.NET",
    "PDNS3.ULTRADNS.ORG",
    "PDNS4.ULTRADNS.ORG",
    "PDNS5.ULTRADNS.INFO",
    "PDNS6.ULTRADNS.CO.UK",
    "pdns2.ultradns.net",
    "ns1.p31.dynect.net",
    "ns3.p31.dynect.net",
    "pdns1.ultradns.net",
    "ns2.p31.dynect.net",
    "pdns5.ultradns.info",
    "pdns3.ultradns.org",
    "ns4.p31.dynect.net",
    "pdns6.ultradns.co.uk",
    "pdns4.ultradns.org"
  ],
  "status": [
    "clientDeleteProhibited https://icann.org/epp#clientDeleteProhibited",
    "clientTransferProhibited https://icann.org/epp#clientTransferProhibited",
    "clientUpdateProhibited https://icann.org/epp#clientUpdateProhibited",
    "clientUpdateProhibited (https://www.icann.org/epp#clientUpdateProhibited)",
    "clientTransferProhibited (https://www.icann.org/epp#clientTransferProhibited)",
    "clientDeleteProhibited (https://www.icann.org/epp#clientDeleteProhibited)"
  ],
  "emails": [
    "abusecomplaints@markmonitor.com",
    "hostmaster@amazon.com",
    "whoisrequest@markmonitor.com"
  ],
  "dnssec": "unsigned",
  "name": "Hostmaster, Amazon Legal Dept.",
  "org": "Amazon Technologies, Inc.",
  "address": "P.O. Box 8102",
  "city": "Reno",
  "state": "NV",
  "registrant_postal_code": "89507",
  "country": "US",
  "update_date": "2022-Jan-31"
}
[2022-08-15 14:38:55,672] INFO App started.
[2022-08-15 14:38:55,696] INFO Checking for keyword 'amazon' for user Öykü
[2022-08-15 14:41:10,621] INFO Found a registered possible phishing domain.
[2022-08-15 14:41:10,621] DEBUG {
  "domain_name": "amaz9n.nl",
  "expiration_date": null,
  "updated_date": "2016-07-18 00:00:00",
  "creation_date": "2014-11-12 00:00:00",
  "status": "active",
  "registrar": "Com Laude",
  "registrar_address": "2nd floor, Little Russell Street 28-30",
  "registrar_postal_code": "WC1A2HN",
  "registrar_city": "London",
  "registrar_country": "United Kingdom of Great Britain & N Ireland",
  "dnssec": "no",
  "name_servers": [
    "nsgbr.comlaude.co.uk",
    "nssui.comlaude.ch",
    "nsusa.comlaude.net"
  ]
}
[2022-08-15 14:41:10,621] DEBUG amaz9n.nl
[2022-08-15 14:41:10,621] DEBUG None
[2022-08-15 14:49:18,128] INFO App started.
[2022-08-15 14:49:18,155] INFO Checking for keyword 'amazon' for user Öykü
[2022-08-15 15:02:44,972] INFO Found a registered possible phishing domain.
[2022-08-15 15:06:04,547] INFO App started.
[2022-08-15 15:06:04,630] INFO Checking for keyword 'amazon' for user Öykü
[2022-08-15 15:07:39,772] INFO Found a registered possible phishing domain.
[2022-08-15 15:07:39,773] DEBUG {'domain_name': 'amaz9n.nl', 'expiration_date': None, 'updated_date': '2016-Jul-18', 'creation_date': '2014-Nov-12', 'status': 'active', 'registrar': 'Com Laude', 'registrar_address': '2nd floor, Little Russell Street 28-30', 'registrar_postal_code': 'WC1A2HN', 'registrar_city': 'London', 'registrar_country': 'United Kingdom of Great Britain & N Ireland', 'dnssec': 'no', 'name_servers': ['nsgbr.comlaude.co.uk', 'nssui.comlaude.ch', 'nsusa.comlaude.net']}
[2022-08-15 15:10:42,493] INFO App started.
[2022-08-15 15:10:42,519] INFO Checking for keyword 'amazon' for user Öykü
